<?xml version="1.0" encoding="UTF-8"?>
<!-- Generated by org.testng.reporters.JUnitReportReporter -->
<testsuite hostname="MSI" failures="0" tests="2" name="com.naren.automation.seleniumframeworkdesign.ErrorValidation" time="21.203" errors="0" timestamp="2024-07-19T08:55:43 IST" skipped="0">
  <testcase classname="com.naren.automation.seleniumframeworkdesign.ErrorValidation" name="productErrorValidation" time="16.701"/>
  <testcase classname="com.naren.automation.seleniumframeworkdesign.ErrorValidation" name="submitOrder" time="4.502"/>
</testsuite> <!-- com.naren.automation.seleniumframeworkdesign.ErrorValidation -->
