<?xml version="1.0" encoding="UTF-8"?>
<!-- Generated by org.testng.reporters.JUnitReportReporter -->
<testsuite hostname="MSI" failures="0" tests="3" name="com.naren.automation.seleniumframeworkdesign.SubmitOrderTest" time="41.450" errors="0" timestamp="2024-07-19T08:55:43 IST" skipped="0">
  <testcase classname="com.naren.automation.seleniumframeworkdesign.SubmitOrderTest" name="OrderHistoryTest" time="5.111"/>
  <testcase classname="com.naren.automation.seleniumframeworkdesign.SubmitOrderTest" name="submitOrder" time="18.373"/>
  <testcase classname="com.naren.automation.seleniumframeworkdesign.SubmitOrderTest" name="submitOrder" time="17.966"/>
</testsuite> <!-- com.naren.automation.seleniumframeworkdesign.SubmitOrderTest -->
